ISim log file
Running: W:\ELEC3500\TugOfWar\ELEC3500Group3\TugOfWar\scorer_tb_isim_beh.exe -intstyle ise -gui -tclbatch isim.cmd -wdb W:/ELEC3500/TugOfWar/ELEC3500Group3/TugOfWar/scorer_tb_isim_beh.wdb 
ISim P.20131013 (signature 0x8ef4fb42)
----------------------------------------------------------------------
INFO:Security:50 - The XILINXD_LICENSE_FILE environment variable is set to '2100@134.117.38.51;2100@134.117.38.248'.
INFO:Security:52 - The LM_LICENSE_FILE environment variable is set to '27000@localhost;C:\Modeltech_xe\win32xoem\license.dat;1234@bean;7654@licensesrv;1707@licensesrv.doe.carleton.ca'.
WARNING:Security:43 - No license file was found in the standard Xilinx license directory.
WARNING:Security:44 - Since no license file was found,
       please run the Xilinx License Configuration Manager
       (xlcm or "Manage Xilinx Licenses")
       to assist in obtaining a license.
WARNING:Security:42 - Your license support version '2015.03' for ISIM expires in 29 days after which you will not qualify for Xilinx software updates or new releases.


----------------------------------------------------------------------
This is a Full version of ISim.
Time resolution is 1 ps
# onerror resume
# wave add /
# run 1000 ns
Simulator is doing circuit initialization process.
Finished circuit initialization process.
# run all
Stopped at time : 7020 ns : File "//ugradfs/willyzhang/win/ELEC3500/TugOfWar/ELEC3500Group3/TugOfWar/scorer_tb.v" Line 233
